\BOOKMARK [1][]{Doc-Start}{\376\377\000R\000e\000s\000u\000m\000e\000n}{}% 1
\BOOKMARK [1][]{Doc-Start}{\376\377\000G\000l\000o\000s\000a\000r\000i\000o\000\040\000d\000e\000\040\000A\000c\000r\000o\000n\000i\000m\000o\000s}{}% 2
\BOOKMARK [1][]{section.1}{\376\377\000V\000i\000s\000i\000o\000n\000\040\000G\000e\000n\000e\000r\000a\000l\000\040\040\024\000\040\000A\000r\000q\000u\000i\000t\000e\000c\000t\000u\000r\000a\000\040\000d\000e\000l\000\040\000M\000o\000d\000u\000l\000o\000\040\0002}{}% 3
\BOOKMARK [2][]{subsection.1.1}{\376\377\000C\000o\000n\000t\000e\000x\000t\000o\000\040\000C\000l\000i\000n\000i\000c\000o}{section.1}% 4
\BOOKMARK [2][]{subsection.1.2}{\376\377\000P\000i\000p\000e\000l\000i\000n\000e\000\040\000d\000e\000\040\0006\000\040\000P\000a\000s\000o\000s}{section.1}% 5
\BOOKMARK [2][]{subsection.1.3}{\376\377\000P\000a\000r\000a\000m\000e\000t\000r\000o\000s\000\040\000d\000e\000\040\000C\000o\000n\000f\000i\000g\000u\000r\000a\000c\000i\000o\000n}{section.1}% 6
\BOOKMARK [2][]{subsection.1.4}{\376\377\000R\000e\000l\000a\000c\000i\000o\000n\000\040\000c\000o\000n\000\040\000M\000o\000d\000u\000l\000o\000\040\0001\000\040\000y\000\040\000M\000o\000d\000u\000l\000o\000\040\0003}{section.1}% 7
\BOOKMARK [2][]{subsection.1.5}{\376\377\000E\000q\000u\000i\000v\000a\000l\000e\000n\000c\000i\000a\000\040\000M\000A\000T\000L\000A\000B\000\040\000a\000\040\000P\000y\000t\000h\000o\000n}{section.1}% 8
\BOOKMARK [1][]{section.2}{\376\377\000C\000a\000r\000g\000a\000\040\000d\000e\000\040\000E\000s\000c\000e\000n\000a\000\040\0003\000D\000\040\000S\000l\000i\000c\000e\000r}{}% 9
\BOOKMARK [2][]{subsection.2.1}{\376\377\000C\000o\000n\000t\000e\000x\000t\000o}{section.2}% 10
\BOOKMARK [2][]{subsection.2.2}{\376\377\000A\000r\000c\000h\000i\000v\000o\000\040\000.\000m\000r\000b}{section.2}% 11
\BOOKMARK [2][]{subsection.2.3}{\376\377\000C\000a\000r\000g\000a\000\040\000d\000e\000s\000d\000e\000\040\000p\000i\000p\000e\000l\000i\000n\000e\000\137\000m\000o\000d\0002\000.\000p\000y}{section.2}% 12
\BOOKMARK [2][]{subsection.2.4}{\376\377\000s\000c\000a\000n\000\137\000n\000o\000d\000e\000s\000\050\000\051\000\040\040\024\000\040\000I\000d\000e\000n\000t\000i\000f\000i\000c\000a\000r\000\040\000N\000o\000d\000o\000s}{section.2}% 13
\BOOKMARK [2][]{subsection.2.5}{\376\377\000C\000o\000o\000r\000d\000e\000n\000a\000d\000a\000s\000\040\000I\000J\000K\000\040\000a\000\040\000R\000A\000S}{section.2}% 14
\BOOKMARK [2][]{subsection.2.6}{\376\377\000M\000a\000t\000r\000i\000z\000\040\000I\000J\000K\000R\000A\000S\000\040\000e\000n\000\040\000D\000e\000t\000a\000l\000l\000e}{section.2}% 15
\BOOKMARK [2][]{subsection.2.7}{\376\377\000E\000j\000e\000m\000p\000l\000o\000\040\000d\000e\000\040\000E\000x\000t\000r\000a\000c\000c\000i\000o\000n\000\040\000d\000e\000\040\000P\000a\000r\000a\000m\000e\000t\000r\000o\000s}{section.2}% 16
\BOOKMARK [2][]{subsection.2.8}{\376\377\000V\000a\000l\000i\000d\000a\000c\000i\000o\000n\000\040\000d\000e\000\040\000P\000r\000e\000r\000e\000q\000u\000i\000s\000i\000t\000o\000s}{section.2}% 17
\BOOKMARK [2][]{subsection.2.9}{\376\377\000M\000a\000n\000e\000j\000o\000\040\000d\000e\000\040\000E\000r\000r\000o\000r\000e\000s}{section.2}% 18
\BOOKMARK [1][]{section.3}{\376\377\000A\000s\000i\000g\000n\000a\000c\000i\000o\000n\000\040\000d\000e\000\040\000M\000a\000t\000e\000r\000i\000a\000l\000e\000s}{}% 19
\BOOKMARK [2][]{subsection.3.1}{\376\377\000C\000o\000n\000t\000e\000x\000t\000o}{section.3}% 20
\BOOKMARK [2][]{subsection.3.2}{\376\377\000I\000n\000d\000i\000c\000e\000s\000\040\000d\000e\000\040\000T\000e\000j\000i\000d\000o\000s\000\040\000B\000a\000s\000e\000\040\000\050\000P\000h\000a\000n\000t\000o\000m\000,\000\040\000i\000n\000d\000i\000c\000e\000s\000\040\0001\040\023\0001\0000\0000\000\051}{section.3}% 21
\BOOKMARK [2][]{subsection.3.3}{\376\377\000I\000n\000d\000i\000c\000e\000s\000\040\000I\000C\000R\000P\000-\0001\0001\0000\000\040\000\050\000C\000o\000m\000p\000l\000e\000t\000o\000s\000,\000\040\000i\000n\000d\000i\000c\000e\000s\000\040\0001\0000\0001\040\023\0001\0005\0003\000\051}{section.3}% 22
\BOOKMARK [2][]{subsection.3.4}{\376\377\000C\000a\000r\000g\000a\000\040\000d\000e\000s\000d\000e\000\040\000t\000i\000s\000s\000u\000e\000\137\000c\000o\000n\000f\000i\000g\000.\000j\000s\000o\000n}{section.3}% 23
\BOOKMARK [2][]{subsection.3.5}{\376\377\000S\000e\000g\000m\000e\000n\000t\000\040\000M\000a\000p\000\040\000\050\000T\000o\000t\000a\000l\000S\000e\000g\000m\000e\000n\000t\000a\000t\000o\000r\000\040\000\040\000I\000n\000d\000i\000c\000e\000s\000\040\000L\000o\000c\000a\000l\000e\000s\000\051}{section.3}% 24
\BOOKMARK [2][]{subsection.3.6}{\376\377\000R\000e\000f\000i\000n\000a\000m\000i\000e\000n\000t\000o\000\040\000p\000o\000r\000\040\000H\000U}{section.3}% 25
\BOOKMARK [2][]{subsection.3.7}{\376\377\000M\000a\000t\000e\000r\000i\000a\000l\000e\000s\000\040\000e\000n\000\040\000e\000l\000\040\000I\000n\000p\000u\000t\000\040\000M\000C\000N\000P}{section.3}% 26
\BOOKMARK [1][]{section.4}{\376\377\000G\000e\000o\000m\000e\000t\000r\000i\000a\000\040\000V\000o\000x\000e\000l\000i\000z\000a\000d\000a\000\040\000M\000C\000N\000P}{}% 27
\BOOKMARK [2][]{subsection.4.1}{\376\377\000E\000s\000t\000r\000a\000t\000e\000g\000i\000a\000\040\000d\000e\000\040\000G\000e\000o\000m\000e\000t\000r\000i\000a\000\040\000V\000o\000x\000e\000l\000i\000z\000a\000d\000a}{section.4}% 28
\BOOKMARK [2][]{subsection.4.2}{\376\377\000C\000e\000l\000d\000a\000\040\000M\000u\000n\000d\000o\000\040\000\050\000E\000n\000v\000o\000l\000v\000e\000n\000t\000e\000\051}{section.4}% 29
\BOOKMARK [2][]{subsection.4.3}{\376\377\000C\000e\000l\000d\000a\000\040\000L\000a\000t\000t\000i\000c\000e}{section.4}% 30
\BOOKMARK [2][]{subsection.4.4}{\376\377\000C\000e\000l\000d\000a\000s\000\040\000V\000o\000x\000e\000l\000\040\000c\000o\000n\000\040\000L\000I\000K\000E\000\040\000n\000\040\000B\000U\000T}{section.4}% 31
\BOOKMARK [2][]{subsection.4.5}{\376\377\000C\000o\000m\000p\000r\000e\000s\000i\000o\000n\000\040\000R\000L\000E}{section.4}% 32
\BOOKMARK [2][]{subsection.4.6}{\376\377\000R\000e\000o\000r\000i\000e\000n\000t\000a\000c\000i\000o\000n\000\040\000d\000e\000\040\000E\000j\000e\000s\000\040\000\050\000f\000l\000i\000p\000\137\000r\000o\000w\000s\000\040\000y\000\040\000f\000l\000i\000p\000\137\000z\000\051}{section.4}% 33
\BOOKMARK [2][]{subsection.4.7}{\376\377\000P\000r\000e\000c\000i\000s\000i\000o\000n\000\040\000d\000e\000\040\000C\000u\000a\000n\000t\000i\000z\000a\000c\000i\000o\000n}{section.4}% 34
\BOOKMARK [2][]{subsection.4.8}{\376\377\000S\000u\000p\000e\000r\000f\000i\000c\000i\000e\000s\000\040\000E\000s\000p\000e\000c\000i\000a\000l\000e\000s}{section.4}% 35
\BOOKMARK [2][]{subsection.4.9}{\376\377\000E\000s\000t\000r\000u\000c\000t\000u\000r\000a\000\040\000C\000o\000m\000p\000l\000e\000t\000a\000\040\000e\000n\000\040\000e\000l\000\040\000.\000i}{section.4}% 36
\BOOKMARK [2][]{subsection.4.10}{\376\377\000C\000o\000n\000s\000i\000d\000e\000r\000a\000c\000i\000o\000n\000e\000s\000\040\000d\000e\000\040\000R\000e\000n\000d\000i\000m\000i\000e\000n\000t\000o}{section.4}% 37
\BOOKMARK [1][]{section.5}{\376\377\000D\000e\000f\000i\000n\000i\000c\000i\000o\000n\000\040\000d\000e\000\040\000l\000a\000\040\000F\000u\000e\000n\000t\000e\000\040\000\050\000S\000o\000u\000r\000c\000e\000\051}{}% 38
\BOOKMARK [2][]{subsection.5.1}{\376\377\000C\000o\000n\000t\000e\000x\000t\000o}{section.5}% 39
\BOOKMARK [2][]{subsection.5.2}{\376\377\000E\000s\000p\000e\000c\000t\000r\000o\000\040\000d\000e\000\040\000E\000n\000e\000r\000g\000i\000a\000s\000\040\040\024\000\040\000Y\000-\0009\0000\000\040\000\050\0009\0000\000Y\000\051}{section.5}% 40
\BOOKMARK [2][]{subsection.5.3}{\376\377\000E\000s\000p\000e\000c\000t\000r\000o\000\040\000L\000u\000-\0001\0007\0007\000\040\000y\000\040\000I\000-\0001\0003\0001}{section.5}% 41
\BOOKMARK [2][]{subsection.5.4}{\376\377\000T\000a\000r\000j\000e\000t\000a\000\040\000S\000D\000E\000F}{section.5}% 42
\BOOKMARK [2][]{subsection.5.5}{\376\377\000A\000r\000c\000h\000i\000v\000o\000\040\000d\000e\000\040\000F\000u\000e\000n\000t\000e\000\040\000E\000x\000t\000e\000r\000n\000o\000\040\000\050\000.\000s\000r\000c\000\051}{section.5}% 43
\BOOKMARK [2][]{subsection.5.6}{\376\377\000M\000u\000e\000s\000t\000r\000e\000o\000\040\000d\000e\000s\000d\000e\000\040\000L\000a\000b\000e\000l\000m\000a\000p}{section.5}% 44
\BOOKMARK [2][]{subsection.5.7}{\376\377\000A\000c\000t\000i\000v\000i\000d\000a\000d\000\040\000y\000\040\000P\000e\000s\000o}{section.5}% 45
\BOOKMARK [2][]{subsection.5.8}{\376\377\000T\000a\000r\000j\000e\000t\000a\000s\000\040\000R\000e\000l\000a\000c\000i\000o\000n\000a\000d\000a\000s}{section.5}% 46
\BOOKMARK [2][]{subsection.5.9}{\376\377\000P\000a\000r\000a\000m\000e\000t\000r\000o\000s\000\040\000d\000e\000\040\000F\000u\000e\000n\000t\000e}{section.5}% 47
\BOOKMARK [1][]{section.6}{\376\377\000T\000a\000l\000l\000i\000e\000s\000\040\000y\000\040\000D\000e\000t\000e\000c\000t\000o\000r\000e\000s\000\040\000M\000C\000N\000P}{}% 48
\BOOKMARK [2][]{subsection.6.1}{\376\377\000C\000o\000n\000t\000e\000x\000t\000o}{section.6}% 49
\BOOKMARK [2][]{subsection.6.2}{\376\377\000T\000M\000E\000S\000H\000\040\040\024\000\040\000T\000a\000l\000l\000y\000\040\000d\000e\000\040\000G\000r\000i\000l\000l\000a\000\040\0003\000D}{section.6}% 50
\BOOKMARK [3][]{subsubsection.6.2.1}{\376\377\000B\000U\000G\000\040\000C\000O\000R\000R\000E\000G\000I\000D\000O\000\040\040\024\000\040\000T\000M\000E\000S\000H\000\040\000n\000x\000\040\000v\000s\000\040\000n\000x\000-\0001}{subsection.6.2}% 51
\BOOKMARK [2][]{subsection.6.3}{\376\377\000C\000o\000n\000v\000e\000r\000s\000i\000o\000n\000\040\000d\000e\000\040\000F\000l\000u\000e\000n\000c\000i\000a\000\040\000a\000\040\000D\000o\000s\000i\000s\000\040\000\050\000D\000E\0004\000/\000D\000F\0004\000\051}{section.6}% 52
\BOOKMARK [2][]{subsection.6.4}{\376\377\000*\000F\0008\000\040\040\024\000\040\000D\000e\000t\000e\000c\000t\000o\000r\000e\000s\000\040\000P\000u\000n\000t\000u\000a\000l\000e\000s\000\040\000p\000o\000r\000\040\000O\000r\000g\000a\000n\000o}{section.6}% 53
\BOOKMARK [2][]{subsection.6.5}{\376\377\000F\0006\000:\000e\000\040\040\024\000\040\000E\000n\000e\000r\000g\000i\000a\000\040\000D\000e\000p\000o\000s\000i\000t\000a\000d\000a\000\040\000T\000o\000t\000a\000l}{section.6}% 54
\BOOKMARK [2][]{subsection.6.6}{\376\377\000T\000a\000r\000j\000e\000t\000a\000s\000\040\000d\000e\000\040\000C\000o\000r\000t\000e\000\040\000\050\000C\000U\000T\000\051}{section.6}% 55
\BOOKMARK [2][]{subsection.6.7}{\376\377\000C\000o\000n\000v\000e\000r\000s\000i\000o\000n\000\040\000d\000e\000\040\000U\000n\000i\000d\000a\000d\000e\000s}{section.6}% 56
\BOOKMARK [2][]{subsection.6.8}{\376\377\000R\000e\000s\000u\000m\000e\000n\000\040\000d\000e\000\040\000T\000a\000l\000l\000i\000e\000s}{section.6}% 57
\BOOKMARK [2][]{subsection.6.9}{\376\377\000P\000a\000r\000a\000m\000e\000t\000r\000o\000s\000\040\000G\000l\000o\000b\000a\000l\000e\000s\000\040\000d\000e\000\040\000S\000i\000m\000u\000l\000a\000c\000i\000o\000n}{section.6}% 58
\BOOKMARK [2][]{subsection.6.10}{\376\377\000V\000e\000r\000i\000f\000i\000c\000a\000c\000i\000o\000n\000\040\000d\000e\000\040\000C\000o\000n\000s\000e\000r\000v\000a\000c\000i\000o\000n\000\040\000d\000e\000\040\000E\000n\000e\000r\000g\000i\000a}{section.6}% 59
\BOOKMARK [1][]{section.7}{\376\377\000G\000e\000n\000e\000r\000a\000c\000i\000o\000n\000\040\000d\000e\000l\000\040\000A\000r\000c\000h\000i\000v\000o\000\040\000.\000i}{}% 60
\BOOKMARK [2][]{subsection.7.1}{\376\377\000C\000o\000n\000t\000e\000x\000t\000o}{section.7}% 61
\BOOKMARK [2][]{subsection.7.2}{\376\377\000F\000l\000u\000j\000o\000\040\000d\000e\000\040\000G\000e\000n\000e\000r\000a\000c\000i\000o\000n}{section.7}% 62
\BOOKMARK [2][]{subsection.7.3}{\376\377\000P\000a\000r\000a\000m\000e\000t\000r\000o\000s\000\040\000d\000e\000\040\000E\000n\000t\000r\000a\000d\000a}{section.7}% 63
\BOOKMARK [2][]{subsection.7.4}{\376\377\000L\000a\000s\000\040\0001\0002\000\040\000S\000e\000c\000c\000i\000o\000n\000e\000s\000\040\000e\000n\000\040\000D\000e\000t\000a\000l\000l\000e}{section.7}% 64
\BOOKMARK [3][]{subsubsection.7.4.1}{\376\377\000S\000e\000c\000c\000i\000o\000n\000\040\0001\000:\000\040\000C\000a\000b\000e\000c\000e\000r\000a}{subsection.7.4}% 65
\BOOKMARK [3][]{subsubsection.7.4.2}{\376\377\000S\000e\000c\000c\000i\000o\000n\000\040\0002\000:\000\040\000B\000l\000o\000q\000u\000e\000\040\000d\000e\000\040\000C\000e\000l\000d\000a\000s}{subsection.7.4}% 66
\BOOKMARK [3][]{subsubsection.7.4.3}{\376\377\000S\000e\000c\000c\000i\000o\000n\000\040\0003\000:\000\040\000B\000l\000o\000q\000u\000e\000\040\000d\000e\000\040\000S\000u\000p\000e\000r\000f\000i\000c\000i\000e\000s}{subsection.7.4}% 67
\BOOKMARK [3][]{subsubsection.7.4.4}{\376\377\000S\000e\000c\000c\000i\000o\000n\000\040\0004\000:\000\040\000T\000a\000r\000j\000e\000t\000a\000s\000\040\000d\000e\000\040\000D\000a\000t\000o\000s}{subsection.7.4}% 68
\BOOKMARK [3][]{subsubsection.7.4.5}{\376\377\000S\000e\000c\000c\000i\000o\000n\000\040\0005\000:\000\040\000M\000a\000t\000e\000r\000i\000a\000l\000e\000s}{subsection.7.4}% 69
\BOOKMARK [3][]{subsubsection.7.4.6}{\376\377\000S\000e\000c\000c\000i\000o\000n\000\040\0006\000:\000\040\000F\000u\000e\000n\000t\000e\000\040\000S\000D\000E\000F}{subsection.7.4}% 70
\BOOKMARK [3][]{subsubsection.7.4.7}{\376\377\000S\000e\000c\000c\000i\000o\000n\000\040\0007\000:\000\040\000T\000a\000l\000l\000i\000e\000s\000\040\000T\000M\000E\000S\000H}{subsection.7.4}% 71
\BOOKMARK [3][]{subsubsection.7.4.8}{\376\377\000S\000e\000c\000c\000i\000o\000n\000\040\0008\000:\000\040\000T\000a\000l\000l\000i\000e\000s\000\040\000*\000F\0008}{subsection.7.4}% 72
\BOOKMARK [3][]{subsubsection.7.4.9}{\376\377\000S\000e\000c\000c\000i\000o\000n\000\040\0009\000:\000\040\000T\000a\000l\000l\000y\000\040\000F\0006}{subsection.7.4}% 73
\BOOKMARK [3][]{subsubsection.7.4.10}{\376\377\000S\000e\000c\000c\000i\000o\000n\000\040\0001\0000\000:\000\040\000P\000r\000i\000n\000t}{subsection.7.4}% 74
\BOOKMARK [3][]{subsubsection.7.4.11}{\376\377\000S\000e\000c\000c\000i\000o\000n\000\040\0001\0001\000:\000\040\000A\000r\000c\000h\000i\000v\000o\000\040\000d\000e\000\040\000F\000u\000e\000n\000t\000e\000\040\000E\000x\000t\000e\000r\000n\000o}{subsection.7.4}% 75
\BOOKMARK [3][]{subsubsection.7.4.12}{\376\377\000S\000e\000c\000c\000i\000o\000n\000\040\0001\0002\000:\000\040\000C\000o\000r\000t\000e\000\040\000d\000e\000\040\000G\000e\000o\000m\000e\000t\000r\000i\000a\000\040\000\050\000O\000p\000c\000i\000o\000n\000a\000l\000\051}{subsection.7.4}% 76
\BOOKMARK [2][]{subsection.7.5}{\376\377\000F\000o\000r\000m\000a\000t\000o\000\040\000d\000e\000l\000\040\000A\000r\000c\000h\000i\000v\000o}{section.7}% 77
\BOOKMARK [2][]{subsection.7.6}{\376\377\000V\000a\000l\000i\000d\000a\000c\000i\000o\000n\000\040\000P\000o\000s\000t\000-\000G\000e\000n\000e\000r\000a\000c\000i\000o\000n}{section.7}% 78
\BOOKMARK [2][]{subsection.7.7}{\376\377\000A\000r\000c\000h\000i\000v\000o\000s\000\040\000d\000e\000\040\000S\000a\000l\000i\000d\000a}{section.7}% 79
\BOOKMARK [1][]{section.8}{\376\377\000P\000i\000p\000e\000l\000i\000n\000e\000\040\000C\000o\000m\000p\000l\000e\000t\000o\000\040\040\024\000\040\000I\000n\000t\000e\000g\000r\000a\000c\000i\000o\000n\000\040\000d\000e\000l\000\040\000M\000o\000d\000u\000l\000o\000\040\0002}{}% 80
\BOOKMARK [2][]{subsection.8.1}{\376\377\000C\000o\000n\000t\000e\000x\000t\000o}{section.8}% 81
\BOOKMARK [2][]{subsection.8.2}{\376\377\000I\000n\000t\000e\000r\000f\000a\000c\000e\000s}{section.8}% 82
\BOOKMARK [3][]{subsubsection.8.2.1}{\376\377\000E\000n\000t\000r\000a\000d\000a\000\040\000\050\000d\000e\000s\000d\000e\000\040\000M\000o\000d\000u\000l\000o\000\040\0001\000\051}{subsection.8.2}% 83
\BOOKMARK [3][]{subsubsection.8.2.2}{\376\377\000S\000a\000l\000i\000d\000a\000\040\000\050\000h\000a\000c\000i\000a\000\040\000M\000o\000d\000u\000l\000o\000\040\0003\000\051}{subsection.8.2}% 84
\BOOKMARK [2][]{subsection.8.3}{\376\377\000D\000i\000a\000g\000r\000a\000m\000a\000\040\000d\000e\000\040\000F\000l\000u\000j\000o\000\040\000D\000e\000t\000a\000l\000l\000a\000d\000o}{section.8}% 85
\BOOKMARK [2][]{subsection.8.4}{\376\377\000D\000e\000p\000e\000n\000d\000e\000n\000c\000i\000a\000s\000\040\000e\000n\000t\000r\000e\000\040\000S\000e\000c\000c\000i\000o\000n\000e\000s\000\040\000d\000e\000l\000\040\000.\000i}{section.8}% 86
\BOOKMARK [2][]{subsection.8.5}{\376\377\000M\000a\000n\000e\000j\000o\000\040\000d\000e\000\040\000E\000r\000r\000o\000r\000e\000s\000\040\000y\000\040\000E\000s\000t\000a\000d\000o\000s}{section.8}% 87
\BOOKMARK [3][]{subsubsection.8.5.1}{\376\377\000E\000s\000t\000a\000d\000o\000s\000\040\000d\000e\000l\000\040\000P\000i\000p\000e\000l\000i\000n\000e}{subsection.8.5}% 88
\BOOKMARK [3][]{subsubsection.8.5.2}{\376\377\000E\000r\000r\000o\000r\000e\000s\000\040\000C\000o\000m\000u\000n\000e\000s}{subsection.8.5}% 89
\BOOKMARK [2][]{subsection.8.6}{\376\377\000I\000n\000t\000e\000g\000r\000a\000c\000i\000o\000n\000\040\000c\000o\000n\000\040\000e\000l\000\040\000R\000e\000s\000t\000o\000\040\000d\000e\000l\000\040\000S\000i\000s\000t\000e\000m\000a}{section.8}% 90
\BOOKMARK [2][]{subsection.8.7}{\376\377\000C\000o\000m\000a\000n\000d\000o\000s\000\040\000d\000e\000\040\000E\000j\000e\000c\000u\000c\000i\000o\000n}{section.8}% 91
\BOOKMARK [3][]{subsubsection.8.7.1}{\376\377\000D\000e\000s\000d\000e\000\040\0003\000D\000\040\000S\000l\000i\000c\000e\000r\000\040\000\050\000S\000l\000i\000c\000e\000r\000D\000o\000s\000i\000m\000\051}{subsection.8.7}% 92
\BOOKMARK [3][]{subsubsection.8.7.2}{\376\377\000D\000e\000s\000d\000e\000\040\000L\000i\000n\000e\000a\000\040\000d\000e\000\040\000C\000o\000m\000a\000n\000d\000o\000s\000\040\000\050\000S\000t\000a\000n\000d\000a\000l\000o\000n\000e\000\051}{subsection.8.7}% 93
\BOOKMARK [2][]{subsection.8.8}{\376\377\000C\000h\000e\000c\000k\000p\000o\000i\000n\000t\000s\000\040\000d\000e\000l\000\040\000P\000i\000p\000e\000l\000i\000n\000e}{section.8}% 94
\BOOKMARK [1][]{table.caption.29}{\376\377\000A\000p\000e\000n\000d\000i\000c\000e\000:\000\040\000C\000o\000n\000s\000t\000a\000n\000t\000e\000s\000\040\000F\000i\000s\000i\000c\000a\000s}{}% 95
\BOOKMARK [1][]{table.caption.30}{\376\377\000A\000p\000e\000n\000d\000i\000c\000e\000:\000\040\000C\000o\000n\000s\000t\000a\000n\000t\000e\000s\000\040\000F\000i\000s\000i\000c\000a\000s}{}% 96
\BOOKMARK [1][]{table.caption.31}{\376\377\000A\000p\000e\000n\000d\000i\000c\000e\000:\000\040\000C\000o\000n\000s\000t\000a\000n\000t\000e\000s\000\040\000F\000i\000s\000i\000c\000a\000s}{}% 97
\BOOKMARK [1][]{table.caption.32}{\376\377\000A\000p\000e\000n\000d\000i\000c\000e\000:\000\040\000C\000o\000n\000s\000t\000a\000n\000t\000e\000s\000\040\000F\000i\000s\000i\000c\000a\000s}{}% 98
\BOOKMARK [2][]{subsection.8.9}{\376\377\000I\000s\000o\000t\000o\000p\000o\000s}{table.caption.32}% 99
\BOOKMARK [2][]{subsection.8.10}{\376\377\000D\000e\000n\000s\000i\000d\000a\000d\000e\000s\000\040\000d\000e\000\040\000R\000e\000f\000e\000r\000e\000n\000c\000i\000a}{table.caption.32}% 100
\BOOKMARK [2][]{subsection.8.11}{\376\377\000E\000s\000p\000e\000c\000t\000r\000o\000\040\000Y\000-\0009\0000\000\040\000\050\000D\000e\000t\000a\000l\000l\000a\000d\000o\000\051}{table.caption.32}% 101
\BOOKMARK [2][]{subsection.8.12}{\376\377\000F\000a\000c\000t\000o\000r\000e\000s\000\040\000d\000e\000\040\000C\000o\000n\000v\000e\000r\000s\000i\000o\000n}{table.caption.32}% 102
\BOOKMARK [1][]{subsection.8.12}{\376\377\000R\000e\000f\000e\000r\000e\000n\000c\000i\000a\000s}{}% 103
