\BOOKMARK [1][]{Doc-Start}{\376\377\000R\000e\000s\000u\000m\000e\000n}{}% 1
\BOOKMARK [1][]{Doc-Start}{\376\377\000G\000l\000o\000s\000a\000r\000i\000o\000\040\000d\000e\000\040\000A\000c\000r\000o\000n\000i\000m\000o\000s}{}% 2
\BOOKMARK [1][]{section.1}{\376\377\000P\000i\000p\000e\000l\000i\000n\000e\000\040\000C\000o\000m\000p\000l\000e\000t\000o\000\040\040\024\000\040\000L\000o\000s\000\040\0001\0006\000\040\000P\000a\000s\000o\000s}{}% 3
\BOOKMARK [2][]{subsection.1.1}{\376\377\000V\000i\000s\000i\000o\000n\000\040\000G\000e\000n\000e\000r\000a\000l}{section.1}% 4
\BOOKMARK [2][]{subsection.1.2}{\376\377\000D\000i\000a\000g\000r\000a\000m\000a\000\040\000d\000e\000\040\000F\000l\000u\000j\000o\000\040\000G\000e\000n\000e\000r\000a\000l}{section.1}% 5
\BOOKMARK [2][]{subsection.1.3}{\376\377\000S\000e\000c\000u\000e\000n\000c\000i\000a\000\040\000d\000e\000\040\000P\000a\000s\000o\000s}{section.1}% 6
\BOOKMARK [2][]{subsection.1.4}{\376\377\000M\000o\000d\000o\000s\000\040\000d\000e\000\040\000E\000j\000e\000c\000u\000c\000i\000\363\000n}{section.1}% 7
\BOOKMARK [2][]{subsection.1.5}{\376\377\000E\000s\000t\000r\000u\000c\000t\000u\000r\000a\000\040\000d\000e\000\040\000A\000r\000c\000h\000i\000v\000o\000s\000\040\000d\000e\000\040\000S\000a\000l\000i\000d\000a}{section.1}% 8
\BOOKMARK [1][]{section.2}{\376\377\000V\000e\000r\000i\000f\000i\000c\000a\000c\000i\000\363\000n\000\040\000d\000e\000\040\000E\000n\000t\000o\000r\000n\000o\000\040\000\050\000C\000h\000e\000c\000k\000\040\000S\000l\000i\000c\000e\000r\000\051}{}% 9
\BOOKMARK [2][]{subsection.2.1}{\376\377\000V\000e\000r\000i\000f\000i\000c\000a\000c\000i\000o\000n\000e\000s}{section.2}% 10
\BOOKMARK [1][]{section.3}{\376\377\000C\000a\000r\000g\000a\000\040\000D\000I\000C\000O\000M\000\040\000C\000T\000+\000P\000E\000T}{}% 11
\BOOKMARK [2][]{subsection.3.1}{\376\377\000A\000l\000g\000o\000r\000i\000t\000m\000o\000\040\000D\000e\000t\000a\000l\000l\000a\000d\000o}{section.3}% 12
\BOOKMARK [2][]{subsection.3.2}{\376\377\000P\000a\000r\000a\000m\000e\000t\000r\000o\000s\000\040\000T\000i\000p\000i\000c\000o\000s\000\040\000d\000e\000\040\000l\000a\000s\000\040\000I\000m\000a\000g\000e\000n\000e\000s}{section.3}% 13
\BOOKMARK [2][]{subsection.3.3}{\376\377\000N\000o\000t\000a\000c\000i\000\363\000n\000\040\000d\000e\000\040\000V\000a\000r\000i\000a\000b\000l\000e\000s}{section.3}% 14
\BOOKMARK [2][]{subsection.3.4}{\376\377\000F\000o\000r\000m\000a\000t\000o\000\040\000D\000I\000C\000O\000M}{section.3}% 15
\BOOKMARK [1][]{section.4}{\376\377\000C\000a\000l\000i\000b\000r\000a\000c\000i\000\363\000n\000\040\000P\000E\000T\000\040\000a\000\040\000B\000q\000/\000m\000L}{}% 16
\BOOKMARK [2][]{subsection.4.1}{\376\377\000A\000l\000g\000o\000r\000i\000t\000m\000o\000\040\000d\000e\000\040\000C\000a\000l\000i\000b\000r\000a\000c\000i\000\363\000n}{section.4}% 17
\BOOKMARK [2][]{subsection.4.2}{\376\377\000C\000o\000n\000v\000e\000r\000s\000i\000o\000n\000\040\000a\000\040\000B\000e\000c\000q\000u\000e\000r\000e\000l\000s\000\040\000p\000o\000r\000\040\000V\000o\000x\000e\000l}{section.4}% 18
\BOOKMARK [2][]{subsection.4.3}{\376\377\000A\000c\000t\000i\000v\000i\000d\000a\000d\000\040\000T\000o\000t\000a\000l}{section.4}% 19
\BOOKMARK [2][]{subsection.4.4}{\376\377\000P\000a\000r\000a\000m\000e\000t\000r\000o\000s\000\040\000T\000i\000p\000i\000c\000o\000s}{section.4}% 20
\BOOKMARK [2][]{subsection.4.5}{\376\377\000C\000o\000n\000s\000e\000r\000v\000a\000c\000i\000\363\000n\000\040\000d\000e\000\040\000l\000a\000\040\000A\000c\000t\000i\000v\000i\000d\000a\000d\000\040\000P\000o\000s\000t\000-\000R\000e\000g\000i\000s\000t\000r\000o}{section.4}% 21
\BOOKMARK [2][]{subsection.4.6}{\376\377\000A\000d\000v\000e\000r\000t\000e\000n\000c\000i\000a\000\040\000C\000r\000i\000t\000i\000c\000a\000:\000\040\000S\000l\000i\000c\000e\000r\000\040\000P\000i\000e\000r\000d\000e\000\040\000l\000a\000\040\000C\000a\000l\000i\000b\000r\000a\000c\000i\000\363\000n\000\040\000p\000o\000r\000\040\000S\000l\000i\000c\000e}{section.4}% 22
\BOOKMARK [1][]{section.5}{\376\377\000E\000l\000i\000m\000i\000n\000a\000c\000i\000\363\000n\000\040\000d\000e\000\040\000C\000a\000m\000i\000l\000l\000a\000\040\000y\000\040\000A\000i\000r\000e}{}% 23
\BOOKMARK [2][]{subsection.5.1}{\376\377\000A\000l\000g\000o\000r\000i\000t\000m\000o\000\040\000D\000e\000t\000a\000l\000l\000a\000d\000o}{section.5}% 24
\BOOKMARK [3][]{subsubsection.5.1.1}{\376\377\000P\000a\000s\000o\000\040\0001\000:\000\040\000U\000m\000b\000r\000a\000l\000i\000z\000a\000c\000i\000\363\000n}{subsection.5.1}% 25
\BOOKMARK [3][]{subsubsection.5.1.2}{\376\377\000P\000a\000s\000o\000\040\0002\000:\000\040\000C\000i\000e\000r\000r\000e\000\040\000M\000o\000r\000f\000o\000l\000o\000g\000i\000c\000o}{subsection.5.1}% 26
\BOOKMARK [3][]{subsubsection.5.1.3}{\376\377\000P\000a\000s\000o\000\040\0003\000:\000\040\000C\000o\000m\000p\000o\000n\000e\000n\000t\000e\000\040\000C\000o\000n\000e\000x\000a\000\040\000M\000a\000y\000o\000r\000i\000t\000a\000r\000i\000a}{subsection.5.1}% 27
\BOOKMARK [3][]{subsubsection.5.1.4}{\376\377\000P\000a\000s\000o\000\040\0004\000:\000\040\000E\000l\000i\000m\000i\000n\000a\000c\000i\000\363\000n\000\040\000d\000e\000\040\000C\000a\000m\000i\000l\000l\000a}{subsection.5.1}% 28
\BOOKMARK [3][]{subsubsection.5.1.5}{\376\377\000P\000a\000s\000o\000\040\0005\000:\000\040\000A\000p\000l\000i\000c\000a\000c\000i\000\363\000n\000\040\000d\000e\000\040\000M\000a\000s\000c\000a\000r\000a}{subsection.5.1}% 29
\BOOKMARK [2][]{subsection.5.2}{\376\377\000P\000a\000r\000a\000m\000e\000t\000r\000o\000s}{section.5}% 30
\BOOKMARK [1][]{section.6}{\376\377\000R\000e\000g\000i\000s\000t\000r\000o\000\040\000y\000\040\000R\000e\000-\000m\000u\000e\000s\000t\000r\000e\000o\000\040\000P\000E\000T\000/\000C\000T}{}% 31
\BOOKMARK [2][]{subsection.6.1}{\376\377\000P\000r\000o\000b\000l\000e\000m\000a\000\040\000G\000e\000o\000m\000e\000t\000r\000i\000c\000o}{section.6}% 32
\BOOKMARK [2][]{subsection.6.2}{\376\377\000N\000o\000t\000a\000c\000i\000\363\000n\000\040\000G\000e\000n\000e\000r\000a\000l}{section.6}% 33
\BOOKMARK [2][]{subsection.6.3}{\376\377\000M\000e\000t\000o\000d\000o\000\040\000A\000\040\040\024\000\040\000B\000R\000A\000I\000N\000S\000R\000e\000s\000a\000m\000p\000l\000e\000\040\000\050\000P\000i\000p\000e\000l\000i\000n\000e\000\040\000p\000o\000r\000\040\000D\000e\000f\000e\000c\000t\000o\000\051}{section.6}% 34
\BOOKMARK [3][]{subsubsection.6.3.1}{\376\377\000O\000p\000c\000i\000o\000n\000e\000s\000\040\000d\000e\000\040\000I\000n\000t\000e\000r\000p\000o\000l\000a\000c\000i\000\363\000n}{subsection.6.3}% 35
\BOOKMARK [3][]{subsubsection.6.3.2}{\376\377\000A\000l\000g\000o\000r\000i\000t\000m\000o}{subsection.6.3}% 36
\BOOKMARK [2][]{subsection.6.4}{\376\377\000M\000e\000t\000o\000d\000o\000\040\000B\000\040\040\024\000\040\000N\000u\000m\000P\000y\000\040\000m\000a\000p\000\137\000c\000o\000o\000r\000d\000i\000n\000a\000t\000e\000s}{section.6}% 37
\BOOKMARK [2][]{subsection.6.5}{\376\377\000M\000e\000t\000o\000d\000o\000\040\000C\000\040\040\024\000\040\000E\000l\000a\000s\000t\000i\000x\000\040\000\050\000R\000e\000g\000i\000s\000t\000r\000o\000\040\000E\000s\000p\000a\000c\000i\000a\000l\000\051}{section.6}% 38
\BOOKMARK [2][]{subsection.6.6}{\376\377\000M\000\351\000t\000r\000i\000c\000a\000s\000\040\000d\000e\000\040\000S\000i\000m\000i\000l\000i\000t\000u\000d}{section.6}% 39
\BOOKMARK [1][]{section.7}{\376\377\000F\000u\000s\000i\000o\000n\000\040\000C\000T\000+\000P\000E\000T\000\040\000y\000\040\000D\000i\000a\000l\000o\000g\000o\000\040\000d\000e\000\040\000A\000c\000t\000i\000v\000i\000d\000a\000d}{}% 40
\BOOKMARK [2][]{subsection.7.1}{\376\377\000L\000a\000y\000o\000u\000t\000\040\000d\000e\000\040\000V\000i\000s\000u\000a\000l\000i\000z\000a\000c\000i\000\363\000n\000\040\0004\000-\000u\000p}{section.7}% 41
\BOOKMARK [2][]{subsection.7.2}{\376\377\000P\000a\000r\000a\000m\000e\000t\000r\000o\000s\000\040\000d\000e\000\040\000V\000i\000s\000u\000a\000l\000i\000z\000a\000c\000i\000\363\000n}{section.7}% 42
\BOOKMARK [2][]{subsection.7.3}{\376\377\000W\000i\000n\000d\000o\000w\000/\000L\000e\000v\000e\000l}{section.7}% 43
\BOOKMARK [2][]{subsection.7.4}{\376\377\000D\000i\000a\000l\000o\000g\000o\000\040\000d\000e\000\040\000F\000u\000s\000i\000o\000n\000\040\000\050\000F\000u\000s\000i\000o\000n\000\040\000D\000i\000a\000l\000o\000g\000\051}{section.7}% 44
\BOOKMARK [2][]{subsection.7.5}{\376\377\000V\000e\000r\000i\000f\000i\000c\000a\000c\000i\000o\000n\000e\000s\000\040\000d\000e\000\040\000C\000a\000l\000i\000d\000a\000d}{section.7}% 45
\BOOKMARK [1][]{section.8}{\376\377\000A\000n\000o\000n\000i\000m\000i\000z\000a\000c\000i\000\363\000n\000\040\000D\000I\000C\000O\000M}{}% 46
\BOOKMARK [2][]{subsection.8.1}{\376\377\000C\000a\000m\000p\000o\000s\000\040\000E\000l\000i\000m\000i\000n\000a\000d\000o\000s}{section.8}% 47
\BOOKMARK [2][]{subsection.8.2}{\376\377\000A\000l\000g\000o\000r\000i\000t\000m\000o}{section.8}% 48
\BOOKMARK [1][]{section.9}{\376\377\000T\000o\000t\000a\000l\000S\000e\000g\000m\000e\000n\000t\000a\000t\000o\000r\000\040\040\024\000\040\000S\000e\000g\000m\000e\000n\000t\000a\000c\000i\000\363\000n\000\040\000A\000n\000a\000t\000\363\000m\000i\000c\000a}{}% 49
\BOOKMARK [2][]{subsection.9.1}{\376\377\000E\000j\000e\000c\000u\000c\000i\000\363\000n}{section.9}% 50
\BOOKMARK [2][]{subsection.9.2}{\376\377\000T\000a\000s\000k\000s\000\040\000D\000i\000s\000p\000o\000n\000i\000b\000l\000e\000s}{section.9}% 51
\BOOKMARK [2][]{subsection.9.3}{\376\377\000C\000l\000a\000s\000e\000s\000\040\000A\000n\000a\000t\000o\000m\000i\000c\000a\000s\000\040\000P\000r\000o\000d\000u\000c\000i\000d\000a\000s}{section.9}% 52
\BOOKMARK [2][]{subsection.9.4}{\376\377\000T\000i\000e\000m\000p\000o\000s\000\040\000d\000e\000\040\000E\000j\000e\000c\000u\000c\000i\000\363\000n}{section.9}% 53
\BOOKMARK [2][]{subsection.9.5}{\376\377\000C\000o\000m\000p\000a\000t\000i\000b\000i\000l\000i\000d\000a\000d\000\040\000P\000y\000t\000h\000o\000n\000\040\0003\000.\0009}{section.9}% 54
\BOOKMARK [1][]{section.10}{\376\377\000M\000a\000p\000e\000o\000\040\000T\000S\000\040\000a\000\040\000P\000h\000a\000n\000t\000o\000m\000\040\0003\000D\000o\000s\000i\000m}{}% 55
\BOOKMARK [2][]{subsection.10.1}{\376\377\000T\000a\000b\000l\000a\000\040\000d\000e\000\040\000I\000n\000d\000i\000c\000e\000s\000\040\000d\000e\000l\000\040\000P\000h\000a\000n\000t\000o\000m}{section.10}% 56
\BOOKMARK [2][]{subsection.10.2}{\376\377\000E\000s\000t\000r\000u\000c\000t\000u\000r\000a\000\040\000d\000e\000\040\000t\000i\000s\000s\000u\000e\000\137\000c\000o\000n\000f\000i\000g\000.\000j\000s\000o\000n}{section.10}% 57
\BOOKMARK [3][]{subsubsection.10.2.1}{\376\377\000t\000s\000\137\000l\000a\000b\000e\000l\000\137\000t\000o\000\137\000p\000h\000a\000n\000t\000o\000m}{subsection.10.2}% 58
\BOOKMARK [3][]{subsubsection.10.2.2}{\376\377\000t\000s\000\137\000b\000o\000d\000y\000\137\000l\000a\000b\000e\000l\000s}{subsection.10.2}% 59
\BOOKMARK [3][]{subsubsection.10.2.3}{\376\377\000t\000i\000s\000s\000u\000e\000s}{subsection.10.2}% 60
\BOOKMARK [2][]{subsection.10.3}{\376\377\000E\000j\000e\000m\000p\000l\000o\000\040\000d\000e\000\040\000C\000o\000m\000p\000o\000s\000i\000c\000i\000\363\000n\000\040\000M\000C\000N\000P}{section.10}% 61
\BOOKMARK [2][]{subsection.10.4}{\376\377\000A\000l\000g\000o\000r\000i\000t\000m\000o\000\040\000d\000e\000\040\000M\000a\000p\000e\000o}{section.10}% 62
\BOOKMARK [2][]{subsection.10.5}{\376\377\000C\000o\000r\000r\000e\000c\000c\000i\000o\000n\000e\000s\000\040\000d\000e\000\040\000B\000u\000g\000s\000\040\000\050\000J\000u\000l\000i\000o\000\040\0002\0000\0002\0006\000\051}{section.10}% 63
\BOOKMARK [2][]{subsection.10.6}{\376\377\000C\000l\000a\000s\000e\000\040\000T\000i\000s\000s\000u\000e\000C\000o\000n\000f\000i\000g}{section.10}% 64
\BOOKMARK [1][]{section.11}{\376\377\000C\000r\000e\000a\000c\000i\000\363\000n\000\040\000d\000e\000\040\000T\000u\000m\000o\000r\000\040\000\050\0004\000\040\000m\000o\000d\000o\000s\000\051}{}% 65
\BOOKMARK [2][]{subsection.11.1}{\376\377\000C\000o\000n\000f\000i\000g\000u\000r\000a\000c\000i\000\363\000n}{section.11}% 66
\BOOKMARK [2][]{subsection.11.2}{\376\377\000M\000o\000d\000o\000\040\0001\000:\000\040\000S\000y\000n\000t\000h\000e\000t\000i\000c\000\040\000\050\000e\000s\000f\000e\000r\000a\000\040\000s\000i\000n\000t\000e\000t\000i\000c\000a\000\051}{section.11}% 67
\BOOKMARK [3][]{subsubsection.11.2.1}{\376\377\000A\000l\000g\000o\000r\000i\000t\000m\000o}{subsection.11.2}% 68
\BOOKMARK [2][]{subsection.11.3}{\376\377\000M\000o\000d\000o\000\040\0002\000:\000\040\000L\000o\000a\000d\000\040\000F\000i\000l\000e\000\040\000\050\000c\000a\000r\000g\000a\000r\000\040\000N\000I\000f\000T\000I\000\051}{section.11}% 69
\BOOKMARK [2][]{subsection.11.4}{\376\377\000M\000o\000d\000o\000\040\0003\000:\000\040\000M\000a\000n\000u\000a\000l\000\040\000\050\000S\000e\000g\000m\000e\000n\000t\000\040\000E\000d\000i\000t\000o\000r\000\051}{section.11}% 70
\BOOKMARK [2][]{subsection.11.5}{\376\377\000M\000o\000d\000o\000\040\0004\000:\000\040\000T\000S\000\040\000L\000i\000v\000e\000r\000\040\000L\000e\000s\000i\000o\000n\000s\000\040\000\050\000a\000u\000t\000o\000m\000\341\000t\000i\000c\000o\000\040\000c\000o\000n\000\040\000I\000A\000\051}{section.11}% 71
\BOOKMARK [2][]{subsection.11.6}{\376\377\000H\000i\000g\000a\000d\000o\000\040\000S\000a\000n\000o}{section.11}% 72
\BOOKMARK [1][]{section.12}{\376\377\000V\000a\000l\000i\000d\000a\000c\000i\000\363\000n\000\040\000M\000e\000d\000i\000c\000a}{}% 73
\BOOKMARK [2][]{subsection.12.1}{\376\377\000V\000a\000l\000i\000d\000a\000c\000i\000\363\000n\000\040\000d\000e\000\040\000S\000e\000g\000m\000e\000n\000t\000a\000c\000i\000\363\000n}{section.12}% 74
\BOOKMARK [2][]{subsection.12.2}{\376\377\000V\000a\000l\000i\000d\000a\000c\000i\000\363\000n\000\040\000d\000e\000\040\000T\000u\000m\000o\000r}{section.12}% 75
\BOOKMARK [2][]{subsection.12.3}{\376\377\000C\000a\000r\000a\000c\000t\000e\000r\000i\000s\000t\000i\000c\000a\000s\000\040\000d\000e\000l\000\040\000D\000i\000a\000l\000o\000g\000o}{section.12}% 76
\BOOKMARK [1][]{section.13}{\376\377\000S\000e\000g\000m\000e\000n\000t\000a\000c\000i\000\363\000n\000\040\000C\000o\000r\000p\000o\000r\000a\000l\000\040\000\050\000B\000o\000d\000y\000\051}{}% 77
\BOOKMARK [2][]{subsection.13.1}{\376\377\000A\000l\000g\000o\000r\000i\000t\000m\000o}{section.13}% 78
\BOOKMARK [2][]{subsection.13.2}{\376\377\000I\000n\000t\000e\000g\000r\000a\000c\000i\000\363\000n\000\040\000c\000o\000n\000\040\000l\000a\000\040\000L\000a\000b\000e\000l\000m\000a\000p}{section.13}% 79
\BOOKMARK [1][]{section.14}{\376\377\000E\000x\000p\000o\000r\000t\000a\000c\000i\000\363\000n\000\040\000d\000e\000\040\000L\000a\000b\000e\000l\000m\000a\000p\000\040\000D\000o\000s\000i\000m\000\351\000t\000r\000i\000c\000a}{}% 80
\BOOKMARK [2][]{subsection.14.1}{\376\377\000A\000l\000g\000o\000r\000i\000t\000m\000o\000\040\000D\000e\000t\000a\000l\000l\000a\000d\000o}{section.14}% 81
\BOOKMARK [3][]{subsubsection.14.1.1}{\376\377\000P\000a\000s\000o\000\040\0001\000:\000\040\000C\000a\000r\000g\000a\000r\000\040\000t\000i\000s\000s\000u\000e\000\137\000c\000o\000n\000f\000i\000g\000.\000j\000s\000o\000n}{subsection.14.1}% 82
\BOOKMARK [3][]{subsubsection.14.1.2}{\376\377\000P\000a\000s\000o\000\040\0002\000:\000\040\000C\000o\000n\000s\000t\000r\000u\000i\000r\000\040\000m\000a\000p\000p\000i\000n\000g\000\040\000n\000o\000m\000b\000r\000e\000\040\000a\000\040\000\355\000n\000d\000i\000c\000e}{subsection.14.1}% 83
\BOOKMARK [3][]{subsubsection.14.1.3}{\376\377\000P\000a\000s\000o\000\040\0003\000:\000\040\000A\000c\000u\000m\000u\000l\000a\000r\000\040\000e\000n\000\040\000l\000a\000b\000e\000l\000m\000a\000p\000\040\0003\000D}{subsection.14.1}% 84
\BOOKMARK [3][]{subsubsection.14.1.4}{\376\377\000P\000a\000s\000o\000\040\0004\000:\000\040\000I\000n\000c\000o\000r\000p\000o\000r\000a\000r\000\040\000b\000o\000d\000y\000\040\000s\000e\000g\000m\000e\000n\000t\000a\000t\000i\000o\000n}{subsection.14.1}% 85
\BOOKMARK [3][]{subsubsection.14.1.5}{\376\377\000P\000a\000s\000o\000\040\0005\000:\000\040\000V\000e\000r\000i\000f\000i\000c\000a\000r\000\040\000i\000n\000t\000e\000g\000r\000i\000d\000a\000d}{subsection.14.1}% 86
\BOOKMARK [3][]{subsubsection.14.1.6}{\376\377\000P\000a\000s\000o\000\040\0006\000:\000\040\000E\000x\000p\000o\000r\000t\000a\000r}{subsection.14.1}% 87
\BOOKMARK [1][]{section.15}{\376\377\000C\000h\000e\000c\000k\000p\000o\000i\000n\000t\000\040\000S\000y\000s\000t\000e\000m\000\040\040\024\000\040\000P\000e\000r\000s\000i\000s\000t\000e\000n\000c\000i\000a\000\040\000y\000\040\000R\000e\000a\000n\000u\000d\000a\000c\000i\000\363\000n}{}% 88
\BOOKMARK [2][]{subsection.15.1}{\376\377\000E\000s\000t\000r\000u\000c\000t\000u\000r\000a\000\040\000d\000e\000l\000\040\000A\000r\000c\000h\000i\000v\000o\000\040\000d\000e\000\040\000C\000h\000e\000c\000k\000p\000o\000i\000n\000t}{section.15}% 89
\BOOKMARK [2][]{subsection.15.2}{\376\377\000P\000r\000o\000p\000i\000e\000d\000a\000d\000e\000s\000\040\000C\000o\000m\000p\000l\000e\000t\000a\000s\000\040\000d\000e\000l\000\040\000C\000h\000e\000c\000k\000p\000o\000i\000n\000t}{section.15}% 90
\BOOKMARK [2][]{subsection.15.3}{\376\377\000E\000s\000t\000a\000d\000o\000s\000\040\000d\000e\000\040\000l\000o\000s\000\040\000P\000a\000s\000o\000s}{section.15}% 91
\BOOKMARK [2][]{subsection.15.4}{\376\377\000F\000l\000u\000j\000o\000\040\000d\000e\000\040\000R\000e\000s\000t\000a\000u\000r\000a\000c\000i\000\363\000n}{section.15}% 92
\BOOKMARK [2][]{subsection.15.5}{\376\377\000R\000e\000s\000t\000a\000u\000r\000a\000c\000i\000\363\000n\000\040\000d\000e\000\040\000E\000s\000t\000a\000d\000o}{section.15}% 93
\BOOKMARK [2][]{subsection.15.6}{\376\377\000G\000u\000a\000r\000d\000a\000d\000o\000\040\000d\000e\000\040\000E\000s\000c\000e\000n\000a}{section.15}% 94
\BOOKMARK [1][]{section.16}{\376\377\000A\000I\000\040\000S\000u\000p\000e\000r\000v\000i\000s\000o\000r\000\040\040\024\000\040\000V\000e\000r\000i\000f\000i\000c\000a\000c\000i\000\363\000n\000\040\000A\000u\000t\000o\000m\000\341\000t\000i\000c\000a\000\040\000P\000o\000s\000t\000-\000P\000a\000s\000o}{}% 95
\BOOKMARK [2][]{subsection.16.1}{\376\377\000V\000e\000r\000i\000f\000i\000c\000a\000c\000i\000o\000n\000e\000s\000\040\000p\000o\000r\000\040\000P\000a\000s\000o\000\040\040\024\000\040\000T\000a\000b\000l\000a\000\040\000C\000o\000m\000p\000l\000e\000t\000a}{section.16}% 96
\BOOKMARK [2][]{subsection.16.2}{\376\377\000F\000l\000u\000j\000o\000\040\000d\000e\000\040\000O\000p\000e\000r\000a\000c\000i\000\363\000n}{section.16}% 97
\BOOKMARK [2][]{subsection.16.3}{\376\377\000C\000o\000n\000f\000i\000g\000u\000r\000a\000c\000i\000\363\000n}{section.16}% 98
\BOOKMARK [2][]{subsection.16.4}{\376\377\000P\000r\000e\000-\000v\000e\000r\000i\000f\000i\000c\000a\000c\000i\000\363\000n\000\040\000I\000n\000m\000e\000d\000i\000a\000t\000a\000\040\000\050\000R\000e\000g\000l\000a\000s\000\040\000D\000u\000r\000a\000s\000\051}{section.16}% 99
\BOOKMARK [1][]{section.17}{\376\377\000V\000i\000s\000u\000a\000l\000i\000z\000a\000c\000i\000\363\000n\000\040\0003\000D\000\040\000A\000u\000t\000o\000m\000\341\000t\000i\000c\000a}{}% 100
\BOOKMARK [2][]{subsection.17.1}{\376\377\000M\000o\000m\000e\000n\000t\000o\000s\000\040\000d\000e\000\040\000A\000c\000t\000i\000v\000a\000c\000i\000\363\000n}{section.17}% 101
\BOOKMARK [2][]{subsection.17.2}{\376\377\000F\000u\000n\000c\000i\000\363\000n\000\040\000s\000e\000t\000u\000p\000\137\000m\000e\000d\000i\000c\000a\000l\000\137\000v\000i\000e\000w\000s\000\050\000\051}{section.17}% 102
\BOOKMARK [1][]{section.A}{\376\377\000F\000u\000n\000d\000a\000m\000e\000n\000t\000o\000s\000\040\000F\000\355\000s\000i\000c\000o\000s\000\040\000d\000e\000l\000\040\000Y\000-\0009\0000}{}% 103
\BOOKMARK [2][]{subsection.A.1}{\376\377\000P\000r\000o\000p\000i\000e\000d\000a\000d\000e\000s\000\040\000d\000e\000l\000\040\000I\000s\000o\000t\000o\000p\000o}{section.A}% 104
\BOOKMARK [2][]{subsection.A.2}{\376\377\000D\000o\000s\000i\000s\000\040\000A\000b\000s\000o\000r\000b\000i\000d\000a}{section.A}% 105
\BOOKMARK [2][]{subsection.A.3}{\376\377\000M\000o\000d\000e\000l\000o\000\040\000M\000I\000R\000D\000\040\000\050\000P\000a\000r\000t\000i\000t\000i\000o\000n\000\040\000M\000o\000d\000e\000l\000\051}{section.A}% 106
\BOOKMARK [2][]{subsection.A.4}{\376\377\000V\000a\000r\000i\000a\000b\000l\000e\000s\000\040\000d\000e\000l\000\040\000M\000o\000d\000e\000l\000o\000\040\000M\000I\000R\000D\000\040\040\024\000\040\000T\000a\000b\000l\000a\000\040\000C\000o\000m\000p\000l\000e\000t\000a}{section.A}% 107
\BOOKMARK [2][]{subsection.A.5}{\376\377\000C\000o\000n\000s\000t\000a\000n\000t\000e\000s\000\040\000F\000i\000s\000i\000c\000a\000s}{section.A}% 108
\BOOKMARK [1][]{section.B}{\376\377\000R\000e\000f\000e\000r\000e\000n\000c\000i\000a\000s}{}% 109
