\BOOKMARK [1][]{section.1}{\376\377\000I\000n\000t\000r\000o\000d\000u\000c\000c\000i\000\363\000n}{}% 1
\BOOKMARK [1][]{section.2}{\376\377\000F\000u\000n\000d\000a\000m\000e\000n\000t\000o\000s\000\040\000F\000\355\000s\000i\000c\000o\000s}{}% 2
\BOOKMARK [2][]{subsection.2.1}{\376\377\000E\000l\000\040\000i\000s\000\363\000t\000o\000p\000o\000\040\0009\0000\000Y}{section.2}% 3
\BOOKMARK [2][]{subsection.2.2}{\376\377\000D\000o\000s\000i\000s\000\040\000a\000b\000s\000o\000r\000b\000i\000d\000a}{section.2}% 4
\BOOKMARK [1][]{section.3}{\376\377\000M\000\351\000t\000o\000d\000o\000\040\000M\000C\000T\000A\000L\000L\000:\000\040\000M\000o\000n\000t\000e\000\040\000C\000a\000r\000l\000o\000\040\000c\000o\000n\000\040\000M\000C\000N\000P}{}% 5
\BOOKMARK [2][]{subsection.3.1}{\376\377\000D\000e\000s\000c\000r\000i\000p\000c\000i\000\363\000n\000\040\000g\000e\000n\000e\000r\000a\000l}{section.3}% 6
\BOOKMARK [2][]{subsection.3.2}{\376\377\000E\000s\000t\000r\000u\000c\000t\000u\000r\000a\000\040\000d\000e\000l\000\040\000a\000r\000c\000h\000i\000v\000o\000\040\000M\000C\000T\000A\000L}{section.3}% 7
\BOOKMARK [2][]{subsection.3.3}{\376\377\000P\000a\000r\000s\000i\000n\000g\000\040\000d\000e\000l\000\040\000M\000C\000T\000A\000L}{section.3}% 8
\BOOKMARK [2][]{subsection.3.4}{\376\377\000C\000o\000n\000v\000e\000r\000s\000i\000\363\000n\000\040\000d\000e\000\040\000M\000e\000V\000/\000c\000m\0003\000\040\000a\000\040\000G\000y}{section.3}% 9
\BOOKMARK [3][]{subsubsection.3.4.1}{\376\377\000P\000a\000s\000o\000\040\0001\000:\000\040\000D\000i\000v\000i\000s\000i\000\363\000n\000\040\000p\000o\000r\000\040\000d\000e\000n\000s\000i\000d\000a\000d}{subsection.3.4}% 10
\BOOKMARK [3][]{subsubsection.3.4.2}{\376\377\000P\000a\000s\000o\000\040\0002\000:\000\040\000M\000e\000V\000\040\000a\000\040\000J\000o\000u\000l\000e\000s}{subsection.3.4}% 11
\BOOKMARK [3][]{subsubsection.3.4.3}{\376\377\000P\000a\000s\000o\000\040\0003\000:\000\040\000I\000n\000t\000e\000g\000r\000a\000c\000i\000\363\000n\000\040\000t\000e\000m\000p\000o\000r\000a\000l}{subsection.3.4}% 12
\BOOKMARK [3][]{subsubsection.3.4.4}{\376\377\000P\000a\000s\000o\000\040\0004\000:\000\040\000a\000c\000t\000i\000v\000i\000d\000a\000d\000\040\000t\000o\000t\000a\000l}{subsection.3.4}% 13
\BOOKMARK [3][]{subsubsection.3.4.5}{\376\377\000P\000a\000s\000o\000\040\0005\000:\000\040\000J\000/\000g\000\040\000a\000\040\000G\000y}{subsection.3.4}% 14
\BOOKMARK [3][]{subsubsection.3.4.6}{\376\377\000E\000c\000u\000a\000c\000i\000\363\000n\000\040\000c\000o\000m\000p\000l\000e\000t\000a}{subsection.3.4}% 15
\BOOKMARK [2][]{subsection.3.5}{\376\377\000P\000o\000s\000t\000-\000p\000r\000o\000c\000e\000s\000a\000m\000i\000e\000n\000t\000o}{section.3}% 16
\BOOKMARK [2][]{subsection.3.6}{\376\377\000I\000n\000c\000e\000r\000t\000i\000d\000u\000m\000b\000r\000e}{section.3}% 17
\BOOKMARK [1][]{section.4}{\376\377\000M\000\351\000t\000o\000d\000o\000\040\000K\000e\000r\000n\000e\000l\000:\000\040\000C\000o\000n\000v\000o\000l\000u\000c\000i\000\363\000n\000\040\000c\000o\000n\000\040\000k\000e\000r\000n\000e\000l\000\040\000p\000r\000e\000c\000a\000l\000c\000u\000l\000a\000d\000o}{}% 18
\BOOKMARK [2][]{subsection.4.1}{\376\377\000F\000u\000n\000d\000a\000m\000e\000n\000t\000o\000\040\000t\000e\000\363\000r\000i\000c\000o}{section.4}% 19
\BOOKMARK [2][]{subsection.4.2}{\376\377\000G\000e\000n\000e\000r\000a\000c\000i\000\363\000n\000\040\000d\000e\000l\000\040\000k\000e\000r\000n\000e\000l}{section.4}% 20
\BOOKMARK [2][]{subsection.4.3}{\376\377\000N\000o\000r\000m\000a\000l\000i\000z\000a\000c\000i\000\363\000n\000\040\000d\000e\000l\000\040\000k\000e\000r\000n\000e\000l}{section.4}% 21
\BOOKMARK [2][]{subsection.4.4}{\376\377\000C\000e\000n\000t\000r\000a\000d\000o\000\040\000d\000e\000l\000\040\000k\000e\000r\000n\000e\000l}{section.4}% 22
\BOOKMARK [2][]{subsection.4.5}{\376\377\000C\000o\000n\000v\000o\000l\000u\000c\000i\000\363\000n\000\040\0003\000D\000\040\000v\000\355\000a\000\040\000F\000F\000T}{section.4}% 23
\BOOKMARK [3][]{subsubsection.4.5.1}{\376\377\000A\000l\000g\000o\000r\000i\000t\000m\000o}{subsection.4.5}% 24
\BOOKMARK [2][]{subsection.4.6}{\376\377\000E\000n\000m\000a\000s\000c\000a\000r\000a\000d\000o\000:\000\040\000h\000\355\000g\000a\000d\000o\000\040\000+\000\040\000t\000u\000m\000o\000r\000\040\000+\000\040\000p\000e\000r\000i\000t\000u\000m\000o\000r\000a\000l}{section.4}% 25
\BOOKMARK [2][]{subsection.4.7}{\376\377\000C\000a\000c\000h\000\351\000\040\000d\000e\000l\000\040\000k\000e\000r\000n\000e\000l\000\040\000F\000F\000T}{section.4}% 26
\BOOKMARK [1][]{section.5}{\376\377\000C\000o\000m\000p\000a\000r\000a\000c\000i\000\363\000n\000\040\000d\000e\000\040\000M\000\351\000t\000o\000d\000o\000s}{}% 27
\BOOKMARK [2][]{subsection.5.1}{\376\377\000\277\000C\000u\000\341\000n\000d\000o\000\040\000u\000s\000a\000r\000\040\000c\000a\000d\000a\000\040\000m\000\351\000t\000o\000d\000o\000?}{section.5}% 28
\BOOKMARK [1][]{section.6}{\376\377\000A\000n\000e\000x\000o\000:\000\040\000M\000o\000d\000e\000l\000o\000\040\000M\000I\000R\000D\000\040\000\050\000P\000a\000r\000t\000i\000t\000i\000o\000n\000\040\000M\000o\000d\000e\000l\000\051}{}% 29
\BOOKMARK [2][]{subsection.6.1}{\376\377\000E\000c\000u\000a\000c\000i\000o\000n\000e\000s\000\040\000M\000I\000R\000D}{section.6}% 30
\BOOKMARK [1][]{section.7}{\376\377\000R\000e\000f\000e\000r\000e\000n\000c\000i\000a\000s}{}% 31
