\BOOKMARK [1][]{Doc-Start}{\376\377\000R\000e\000s\000u\000m\000e\000n}{}% 1
\BOOKMARK [1][]{Doc-Start}{\376\377\000G\000l\000o\000s\000a\000r\000i\000o\000\040\000d\000e\000\040\000A\000c\000r\000\363\000n\000i\000m\000o\000s}{}% 2
\BOOKMARK [1][]{section.1}{\376\377\000V\000i\000s\000i\000\363\000n\000\040\000G\000e\000n\000e\000r\000a\000l\000\040\040\024\000\040\000D\000o\000s\000i\000m\000e\000t\000r\000\355\000a\000\040\000I\000n\000t\000e\000r\000n\000a\000\040\0003\000D}{}% 3
\BOOKMARK [2][]{subsection.1.1}{\376\377\000C\000o\000n\000t\000e\000x\000t\000o\000\040\000C\000l\000\355\000n\000i\000c\000o}{section.1}% 4
\BOOKMARK [2][]{subsection.1.2}{\376\377\000P\000i\000p\000e\000l\000i\000n\000e\000\040\000d\000e\000\040\0001\0000\000\040\000P\000a\000s\000o\000s}{section.1}% 5
\BOOKMARK [2][]{subsection.1.3}{\376\377\000D\000o\000s\000\040\000R\000u\000t\000a\000s\000\040\000d\000e\000\040\000C\000\341\000l\000c\000u\000l\000o\000\040\000d\000e\000\040\000D\000o\000s\000i\000s}{section.1}% 6
\BOOKMARK [2][]{subsection.1.4}{\376\377\000E\000n\000t\000r\000a\000d\000a\000s\000\040\000y\000\040\000S\000a\000l\000i\000d\000a\000s}{section.1}% 7
\BOOKMARK [1][]{section.2}{\376\377\000L\000e\000c\000t\000u\000r\000a\000\040\000d\000e\000\040\000A\000c\000t\000i\000v\000i\000d\000a\000d\000\040\000P\000E\000T\000\040\000d\000e\000s\000d\000e\000\040\000D\000I\000C\000O\000M\000\040\000R\000a\000w}{}% 8
\BOOKMARK [2][]{subsection.2.1}{\376\377\000C\000o\000n\000t\000e\000x\000t\000o\000\040\000C\000l\000\355\000n\000i\000c\000o}{section.2}% 9
\BOOKMARK [2][]{subsection.2.2}{\376\377\000F\000\363\000r\000m\000u\000l\000a\000\040\000d\000e\000\040\000C\000o\000n\000v\000e\000r\000s\000i\000\363\000n\000\040\000p\000o\000r\000\040\000V\000o\000x\000e\000l}{section.2}% 10
\BOOKMARK [3][]{subsubsection.2.2.1}{\376\377\000V\000e\000r\000i\000f\000i\000c\000a\000c\000i\000\363\000n\000\040\000d\000e\000\040\000U\000n\000i\000d\000a\000d\000e\000s}{subsection.2.2}% 11
\BOOKMARK [3][]{subsubsection.2.2.2}{\376\377\000C\000o\000n\000v\000e\000r\000s\000i\000\363\000n\000\040\000m\000m\0003\000\040\000\040\000c\000m\0003}{subsection.2.2}% 12
\BOOKMARK [3][]{subsubsection.2.2.3}{\376\377\000A\000c\000t\000i\000v\000i\000d\000a\000d\000\040\000T\000o\000t\000a\000l}{subsection.2.2}% 13
\BOOKMARK [2][]{subsection.2.3}{\376\377\000A\000l\000g\000o\000r\000i\000t\000m\000o\000\040\000d\000e\000\040\000I\000m\000p\000l\000e\000m\000e\000n\000t\000a\000c\000i\000\363\000n}{section.2}% 14
\BOOKMARK [2][]{subsection.2.4}{\376\377\000R\000a\000n\000g\000o\000s\000\040\000N\000o\000r\000m\000a\000l\000e\000s\000\040\000d\000e\000\040\000A\000c\000t\000i\000v\000i\000d\000a\000d}{section.2}% 15
\BOOKMARK [2][]{subsection.2.5}{\376\377\000F\000a\000l\000l\000b\000a\000c\000k\000:\000\040\000A\000c\000t\000i\000v\000i\000d\000a\000d\000\040\000p\000o\000r\000\040\000C\000L\000I}{section.2}% 16
\BOOKMARK [1][]{section.3}{\376\377\000P\000a\000r\000s\000i\000n\000g\000\040\000d\000e\000\040\000A\000r\000c\000h\000i\000v\000o\000\040\000M\000C\000T\000A\000L\000\040\000d\000e\000\040\000M\000C\000N\000P}{}% 17
\BOOKMARK [2][]{subsection.3.1}{\376\377\000C\000o\000n\000t\000e\000x\000t\000o}{section.3}% 18
\BOOKMARK [2][]{subsection.3.2}{\376\377\000E\000s\000t\000r\000u\000c\000t\000u\000r\000a\000\040\000d\000e\000l\000\040\000A\000r\000c\000h\000i\000v\000o\000\040\000M\000C\000T\000A\000L}{section.3}% 19
\BOOKMARK [2][]{subsection.3.3}{\376\377\000F\000o\000r\000m\000a\000t\000o\000\040\000d\000e\000\040\000D\000a\000t\000o\000s}{section.3}% 20
\BOOKMARK [3][]{subsubsection.3.3.1}{\376\377\000R\000e\000s\000h\000a\000p\000e\000\040\000C\000o\000l\000u\000m\000n\000-\000M\000a\000j\000o\000r\000\040\000\050\000F\000o\000r\000t\000r\000a\000n\000\051}{subsection.3.3}% 21
\BOOKMARK [2][]{subsection.3.4}{\376\377\000F\000i\000l\000t\000r\000o\000s\000\040\000d\000e\000\040\000C\000a\000l\000i\000d\000a\000d\000\040\000P\000o\000s\000t\000-\000P\000a\000r\000s\000i\000n\000g}{section.3}% 22
\BOOKMARK [3][]{subsubsection.3.4.1}{\376\377\000E\000r\000r\000o\000r\000\040\000R\000e\000l\000a\000t\000i\000v\000o\000\040\000\040\0001\000.\0005}{subsection.3.4}% 23
\BOOKMARK [3][]{subsubsection.3.4.2}{\376\377\000D\000o\000s\000i\000s\000\040\000N\000e\000g\000a\000t\000i\000v\000a}{subsection.3.4}% 24
\BOOKMARK [3][]{subsubsection.3.4.3}{\376\377\000V\000o\000x\000e\000l\000e\000s\000\040\000d\000e\000\040\000A\000i\000r\000e}{subsection.3.4}% 25
\BOOKMARK [3][]{subsubsection.3.4.4}{\376\377\000V\000a\000l\000i\000d\000a\000c\000i\000\363\000n\000\040\000c\000o\000n\000t\000r\000a\000\040\000M\000A\000T\000L\000A\000B}{subsection.3.4}% 26
\BOOKMARK [1][]{section.4}{\376\377\000C\000o\000n\000v\000e\000r\000s\000i\000\363\000n\000\040\000d\000e\000\040\000M\000e\000V\000/\000c\000m\0003\000\040\000a\000\040\000G\000r\000a\000y}{}% 27
\BOOKMARK [2][]{subsection.4.1}{\376\377\000C\000o\000n\000t\000e\000x\000t\000o\000\040\000F\000\355\000s\000i\000c\000o}{section.4}% 28
\BOOKMARK [2][]{subsection.4.2}{\376\377\000R\000u\000t\000a\000\040\000M\000C\000T\000A\000L\000\040\000\050\000M\000o\000n\000t\000e\000\040\000C\000a\000r\000l\000o\000\051}{section.4}% 29
\BOOKMARK [3][]{subsubsection.4.2.1}{\376\377\000F\000\363\000r\000m\000u\000l\000a\000\040\000C\000o\000m\000p\000l\000e\000t\000a}{subsection.4.2}% 30
\BOOKMARK [3][]{subsubsection.4.2.2}{\376\377\000C\000o\000n\000s\000t\000a\000n\000t\000e\000s\000\040\000d\000e\000l\000\040\0009\0000\000Y}{subsection.4.2}% 31
\BOOKMARK [3][]{subsubsection.4.2.3}{\376\377\000D\000e\000r\000i\000v\000a\000c\000i\000\363\000n\000\040\000P\000a\000s\000o\000\040\000a\000\040\000P\000a\000s\000o}{subsection.4.2}% 32
\BOOKMARK [3][]{subsubsection.4.2.4}{\376\377\000D\000e\000n\000s\000i\000d\000a\000d\000e\000s\000\040\000p\000o\000r\000\040\000T\000e\000j\000i\000d\000o}{subsection.4.2}% 33
\BOOKMARK [2][]{subsection.4.3}{\376\377\000R\000u\000t\000a\000\040\000K\000e\000r\000n\000e\000l\000\040\000\050\000C\000o\000n\000v\000o\000l\000u\000c\000i\000\363\000n\000\040\000F\000F\000T\000\051}{section.4}% 34
\BOOKMARK [3][]{subsubsection.4.3.1}{\376\377\000D\000i\000f\000e\000r\000e\000n\000c\000i\000a\000\040\000C\000r\000\355\000t\000i\000c\000a}{subsection.4.3}% 35
\BOOKMARK [3][]{subsubsection.4.3.2}{\376\377\000F\000l\000u\000j\000o\000\040\000E\000x\000a\000c\000t\000o\000\040\000M\000A\000T\000L\000A\000B}{subsection.4.3}% 36
\BOOKMARK [3][]{subsubsection.4.3.3}{\376\377\000F\000\363\000r\000m\000u\000l\000a}{subsection.4.3}% 37
\BOOKMARK [2][]{subsection.4.4}{\376\377\000C\000o\000m\000p\000a\000r\000a\000c\000i\000\363\000n\000\040\000d\000e\000\040\000R\000u\000t\000a\000s}{section.4}% 38
\BOOKMARK [1][]{section.5}{\376\377\000D\000o\000s\000e\000-\000V\000o\000l\000u\000m\000e\000\040\000H\000i\000s\000t\000o\000g\000r\000a\000m\000\040\000\050\000D\000V\000H\000\051}{}% 39
\BOOKMARK [2][]{subsection.5.1}{\376\377\000D\000e\000f\000i\000n\000i\000c\000i\000\363\000n\000\040\000d\000e\000l\000\040\000D\000V\000H\000\040\000A\000c\000u\000m\000u\000l\000a\000t\000i\000v\000o}{section.5}% 40
\BOOKMARK [3][]{subsubsection.5.1.1}{\376\377\000P\000r\000o\000p\000i\000e\000d\000a\000d\000e\000s}{subsection.5.1}% 41
\BOOKMARK [2][]{subsection.5.2}{\376\377\000A\000l\000g\000o\000r\000i\000t\000m\000o\000\040\000d\000e\000\040\000C\000\341\000l\000c\000u\000l\000o}{section.5}% 42
\BOOKMARK [2][]{subsection.5.3}{\376\377\000M\000\351\000t\000r\000i\000c\000a\000s\000\040\000C\000l\000\355\000n\000i\000c\000a\000s}{section.5}% 43
\BOOKMARK [3][]{subsubsection.5.3.1}{\376\377\000P\000e\000r\000c\000e\000n\000t\000i\000l\000e\000s\000\040\000d\000e\000\040\000D\000o\000s\000i\000s}{subsection.5.3}% 44
\BOOKMARK [3][]{subsubsection.5.3.2}{\376\377\000V\000o\000l\000\372\000m\000e\000n\000e\000s\000\040\000d\000e\000\040\000D\000o\000s\000i\000s}{subsection.5.3}% 45
\BOOKMARK [2][]{subsection.5.4}{\376\377\000V\000i\000s\000u\000a\000l\000i\000z\000a\000c\000i\000\363\000n\000\040\000d\000e\000l\000\040\000D\000V\000H}{section.5}% 46
\BOOKMARK [3][]{subsubsection.5.4.1}{\376\377\000C\000o\000l\000o\000r\000e\000s\000\040\000p\000o\000r\000\040\000R\000O\000I}{subsection.5.4}% 47
\BOOKMARK [3][]{subsubsection.5.4.2}{\376\377\000E\000s\000c\000a\000l\000a\000\040\000L\000o\000g\000a\000r\000\355\000t\000m\000i\000c\000a}{subsection.5.4}% 48
\BOOKMARK [2][]{subsection.5.5}{\376\377\000V\000a\000l\000i\000d\000a\000c\000i\000\363\000n\000\040\000c\000o\000n\000t\000r\000a\000\040\000M\000A\000T\000L\000A\000B}{section.5}% 49
\BOOKMARK [1][]{section.6}{\376\377\000R\000a\000d\000i\000o\000b\000i\000o\000l\000o\000g\000\355\000a\000:\000\040\000B\000E\000D\000,\000\040\000E\000U\000D\000\040\000y\000\040\000E\000Q\000D\0002}{}% 50
\BOOKMARK [2][]{subsection.6.1}{\376\377\000B\000i\000o\000l\000o\000g\000i\000c\000a\000l\000l\000y\000\040\000E\000f\000f\000e\000c\000t\000i\000v\000e\000\040\000D\000o\000s\000e\000\040\000\050\000B\000E\000D\000\051}{section.6}% 51
\BOOKMARK [3][]{subsubsection.6.1.1}{\376\377\000C\000o\000n\000t\000e\000x\000t\000o}{subsection.6.1}% 52
\BOOKMARK [3][]{subsubsection.6.1.2}{\376\377\000F\000\363\000r\000m\000u\000l\000a\000\040\000p\000a\000r\000a\000\040\000B\000E\000D\000\040\000e\000n\000\040\000T\000e\000r\000a\000p\000i\000a\000\040\000c\000o\000n\000\040\000R\000a\000d\000i\000o\000n\000\372\000c\000l\000i\000d\000o\000s}{subsection.6.1}% 53
\BOOKMARK [3][]{subsubsection.6.1.3}{\376\377\000V\000a\000l\000o\000r\000e\000s\000\040\000d\000e\000\040\000/}{subsection.6.1}% 54
\BOOKMARK [3][]{subsubsection.6.1.4}{\376\377\000F\000a\000c\000t\000o\000r\000\040\000d\000e\000\040\000T\000a\000s\000a\000\040\000d\000e\000\040\000D\000o\000s\000i\000s\000\040\000\050\000D\000R\000F\000\051}{subsection.6.1}% 55
\BOOKMARK [3][]{subsubsection.6.1.5}{\376\377\000E\000j\000e\000m\000p\000l\000o\000\040\000N\000u\000m\000\351\000r\000i\000c\000o}{subsection.6.1}% 56
\BOOKMARK [2][]{subsection.6.2}{\376\377\000E\000q\000u\000i\000v\000a\000l\000e\000n\000t\000\040\000U\000n\000i\000f\000o\000r\000m\000\040\000D\000o\000s\000e\000\040\000\050\000E\000U\000D\000\051}{section.6}% 57
\BOOKMARK [3][]{subsubsection.6.2.1}{\376\377\000C\000o\000n\000t\000e\000x\000t\000o}{subsection.6.2}% 58
\BOOKMARK [3][]{subsubsection.6.2.2}{\376\377\000P\000a\000r\000\341\000m\000e\000t\000r\000o\000\040\000a}{subsection.6.2}% 59
\BOOKMARK [3][]{subsubsection.6.2.3}{\376\377\000I\000n\000t\000e\000r\000p\000r\000e\000t\000a\000c\000i\000\363\000n}{subsection.6.2}% 60
\BOOKMARK [2][]{subsection.6.3}{\376\377\000E\000q\000u\000i\000v\000a\000l\000e\000n\000t\000\040\000D\000o\000s\000e\000\040\000i\000n\000\040\0002\000\040\000G\000y\000\040\000f\000r\000a\000c\000t\000i\000o\000n\000s\000\040\000\050\000E\000Q\000D\0002\000\051}{section.6}% 61
\BOOKMARK [3][]{subsubsection.6.3.1}{\376\377\000C\000o\000n\000t\000e\000x\000t\000o}{subsection.6.3}% 62
\BOOKMARK [3][]{subsubsection.6.3.2}{\376\377\000D\000e\000r\000i\000v\000a\000c\000i\000\363\000n}{subsection.6.3}% 63
\BOOKMARK [3][]{subsubsection.6.3.3}{\376\377\000E\000j\000e\000m\000p\000l\000o\000s\000\040\000N\000u\000m\000\351\000r\000i\000c\000o\000s}{subsection.6.3}% 64
\BOOKMARK [1][]{section.7}{\376\377\000M\000o\000d\000e\000l\000o\000\040\000M\000I\000R\000D\000\040\000d\000e\000\040\000P\000a\000r\000t\000i\000c\000i\000\363\000n}{}% 65
\BOOKMARK [2][]{subsection.7.1}{\376\377\000C\000o\000n\000t\000e\000x\000t\000o\000\040\000C\000l\000\355\000n\000i\000c\000o}{section.7}% 66
\BOOKMARK [3][]{subsubsection.7.1.1}{\376\377\000L\000i\000m\000i\000t\000a\000c\000i\000o\000n\000e\000s}{subsection.7.1}% 67
\BOOKMARK [3][]{subsubsection.7.1.2}{\376\377\000U\000s\000o\000\040\000e\000n\000\040\0003\000D\000o\000s\000i\000m}{subsection.7.1}% 68
\BOOKMARK [2][]{subsection.7.2}{\376\377\000E\000c\000u\000a\000c\000i\000o\000n\000e\000s\000\040\000d\000e\000l\000\040\000M\000o\000d\000e\000l\000o}{section.7}% 69
\BOOKMARK [3][]{subsubsection.7.2.1}{\376\377\000R\000e\000l\000a\000c\000i\000\363\000n\000\040\000T\000/\000N}{subsection.7.2}% 70
\BOOKMARK [3][]{subsubsection.7.2.2}{\376\377\000F\000r\000a\000c\000c\000i\000\363\000n\000\040\000d\000e\000\040\000C\000a\000p\000t\000a\000c\000i\000\363\000n\000\040\000\050\000F\000U\000\051}{subsection.7.2}% 71
\BOOKMARK [3][]{subsubsection.7.2.3}{\376\377\000D\000o\000s\000i\000s\000\040\000A\000b\000s\000o\000r\000b\000i\000d\000a}{subsection.7.2}% 72
\BOOKMARK [3][]{subsubsection.7.2.4}{\376\377\000C\000o\000n\000s\000t\000a\000n\000t\000e\000\040\000M\000I\000R\000D\000\040\000k}{subsection.7.2}% 73
\BOOKMARK [2][]{subsection.7.3}{\376\377\000A\000l\000g\000o\000r\000i\000t\000m\000o\000\040\000d\000e\000\040\000I\000m\000p\000l\000e\000m\000e\000n\000t\000a\000c\000i\000\363\000n}{section.7}% 74
\BOOKMARK [2][]{subsection.7.4}{\376\377\000E\000j\000e\000m\000p\000l\000o\000\040\000N\000u\000m\000\351\000r\000i\000c\000o}{section.7}% 75
\BOOKMARK [2][]{subsection.7.5}{\376\377\000V\000e\000r\000i\000f\000i\000c\000a\000c\000i\000\363\000n\000\040\000c\000o\000n\000t\000r\000a\000\040\000e\000l\000\040\000M\000a\000p\000a\000\040\0003\000D}{section.7}% 76
\BOOKMARK [1][]{section.8}{\376\377\000I\000s\000o\000d\000o\000s\000i\000s\000\040\000y\000\040\000V\000i\000s\000u\000a\000l\000i\000z\000a\000c\000i\000\363\000n\000\040\000e\000n\000\040\0003\000D\000\040\000S\000l\000i\000c\000e\000r}{}% 77
\BOOKMARK [2][]{subsection.8.1}{\376\377\000N\000o\000d\000o\000\040\000d\000e\000\040\000D\000o\000s\000i\000s\000\040\0003\000D\000\040\000e\000n\000\040\000S\000l\000i\000c\000e\000r}{section.8}% 78
\BOOKMARK [3][]{subsubsection.8.1.1}{\376\377\000O\000v\000e\000r\000l\000a\000y\000\040\000R\000a\000i\000n\000b\000o\000w\000\040\000I\000n\000v\000e\000r\000t\000i\000d\000o}{subsection.8.1}% 79
\BOOKMARK [2][]{subsection.8.2}{\376\377\000I\000s\000o\000d\000o\000s\000i\000s}{section.8}% 80
\BOOKMARK [3][]{subsubsection.8.2.1}{\376\377\000N\000i\000v\000e\000l\000e\000s}{subsection.8.2}% 81
\BOOKMARK [3][]{subsubsection.8.2.2}{\376\377\000S\000m\000o\000o\000t\000h\000i\000n\000g}{subsection.8.2}% 82
\BOOKMARK [3][]{subsubsection.8.2.3}{\376\377\000C\000o\000l\000o\000r\000m\000a\000p\000\040\000J\000e\000t\000\040\000\050\0001\0000\000\040\000m\000u\000e\000s\000t\000r\000a\000s\000\051}{subsection.8.2}% 83
\BOOKMARK [3][]{subsubsection.8.2.4}{\376\377\000G\000e\000n\000e\000r\000a\000c\000i\000\363\000n\000\040\000d\000e\000\040\000C\000o\000n\000t\000o\000r\000n\000o\000s\000\040\000\050\000V\000T\000K\000\040\000M\000a\000r\000c\000h\000i\000n\000g\000\040\000C\000u\000b\000e\000s\000\051}{subsection.8.2}% 84
\BOOKMARK [3][]{subsubsection.8.2.5}{\376\377\000F\000a\000l\000l\000b\000a\000c\000k\000:\000\040\000S\000l\000i\000c\000e\000r\000R\000T\000\040\000I\000s\000o\000d\000o\000s\000e\000\040\000M\000o\000d\000u\000l\000e}{subsection.8.2}% 85
\BOOKMARK [2][]{subsection.8.3}{\376\377\000D\000V\000H\000\040\000I\000n\000t\000e\000r\000a\000c\000t\000i\000v\000o\000\040\000e\000n\000\040\000S\000l\000i\000c\000e\000r}{section.8}% 86
\BOOKMARK [3][]{subsubsection.8.3.1}{\376\377\000M\000\363\000d\000u\000l\000o\000\040\000P\000l\000o\000t\000s}{subsection.8.3}% 87
\BOOKMARK [2][]{subsection.8.4}{\376\377\000L\000a\000y\000o\000u\000t\000\040\000d\000e\000\040\000V\000i\000s\000u\000a\000l\000i\000z\000a\000c\000i\000\363\000n}{section.8}% 88
\BOOKMARK [2][]{subsection.8.5}{\376\377\000G\000u\000a\000r\000d\000a\000d\000o\000\040\000d\000e\000\040\000E\000s\000c\000e\000n\000a\000\040\000F\000i\000n\000a\000l}{section.8}% 89
\BOOKMARK [1][]{section.9}{\376\377\000P\000i\000p\000e\000l\000i\000n\000e\000\040\000C\000o\000m\000p\000l\000e\000t\000o\000\040\040\024\000\040\000M\000\363\000d\000u\000l\000o\000\040\0003\000:\000\040\000D\000o\000s\000i\000m\000e\000t\000r\000\355\000a}{}% 90
\BOOKMARK [2][]{subsection.9.1}{\376\377\000I\000n\000t\000e\000g\000r\000a\000c\000i\000\363\000n\000\040\000M\000o\000d\0001\000\040\000\040\000M\000o\000d\0003}{section.9}% 91
\BOOKMARK [2][]{subsection.9.2}{\376\377\000L\000o\000s\000\040\0001\0000\000\040\000P\000a\000s\000o\000s\000\040\000d\000e\000l\000\040\000P\000i\000p\000e\000l\000i\000n\000e}{section.9}% 92
\BOOKMARK [2][]{subsection.9.3}{\376\377\000A\000r\000c\000h\000i\000v\000o\000s\000\040\000d\000e\000\040\000E\000n\000t\000r\000a\000d\000a\000\040\000y\000\040\000S\000a\000l\000i\000d\000a}{section.9}% 93
\BOOKMARK [3][]{subsubsection.9.3.1}{\376\377\000E\000n\000t\000r\000a\000d\000a\000s}{subsection.9.3}% 94
\BOOKMARK [3][]{subsubsection.9.3.2}{\376\377\000S\000a\000l\000i\000d\000a\000s}{subsection.9.3}% 95
\BOOKMARK [3][]{subsubsection.9.3.3}{\376\377\000C\000h\000e\000c\000k\000p\000o\000i\000n\000t\000s}{subsection.9.3}% 96
\BOOKMARK [2][]{subsection.9.4}{\376\377\000M\000o\000d\000o\000s\000\040\000d\000e\000\040\000E\000j\000e\000c\000u\000c\000i\000\363\000n}{section.9}% 97
\BOOKMARK [2][]{subsection.9.5}{\376\377\000I\000n\000t\000e\000g\000r\000a\000c\000i\000\363\000n\000\040\000c\000o\000n\000\040\000S\000l\000i\000c\000e\000r\000D\000o\000s\000i\000m\000M\000o\000d\0003}{section.9}% 98
\BOOKMARK [1][]{table.3}{\376\377\000A\000p\000\351\000n\000d\000i\000c\000e\000\040\000A\000:\000\040\000C\000o\000n\000s\000t\000a\000n\000t\000e\000s\000\040\000F\000\355\000s\000i\000c\000a\000s\000\040\000d\000e\000l\000\040\000Y\000-\0009\0000}{}% 99
\BOOKMARK [1][]{table.5}{\376\377\000A\000p\000\351\000n\000d\000i\000c\000e\000\040\000A\000:\000\040\000C\000o\000n\000s\000t\000a\000n\000t\000e\000s\000\040\000F\000\355\000s\000i\000c\000a\000s\000\040\000d\000e\000l\000\040\000Y\000-\0009\0000}{}% 100
\BOOKMARK [1][]{table.6}{\376\377\000A\000p\000\351\000n\000d\000i\000c\000e\000\040\000B\000:\000\040\000D\000e\000n\000s\000i\000d\000a\000d\000e\000s\000\040\000y\000\040\000P\000a\000r\000\341\000m\000e\000t\000r\000o\000s\000\040\000/}{}% 101
\BOOKMARK [1][]{table.6}{\376\377\000R\000e\000f\000e\000r\000e\000n\000c\000i\000a\000s}{}% 102
